\BOOKMARK [1][-]{section.1}{Bab 5}{}% 1
\BOOKMARK [2][-]{subsection.1.1}{Persamaan Parametrik}{section.1}% 2
\BOOKMARK [2][-]{subsection.1.2}{Turunan Persamaan Parametrik}{section.1}% 3
\BOOKMARK [2][-]{subsection.1.3}{Panjang Busur Kurva Parametrik}{section.1}% 4
\BOOKMARK [2][-]{subsection.1.4}{Luas Permukaan Kurva Parametrik}{section.1}% 5
\BOOKMARK [2][-]{subsection.1.5}{Koordinat Kutub dan Koordinat Siku-Siku}{section.1}% 6
\BOOKMARK [2][-]{subsection.1.6}{Grafik dalam Koordinat Kutub}{section.1}% 7
\BOOKMARK [2][-]{subsection.1.7}{Luas dalam Koordinat Kutub}{section.1}% 8
\BOOKMARK [2][-]{subsection.1.8}{Volume Benda Putar dalam Koordinat Kutub}{section.1}% 9
\BOOKMARK [2][-]{subsection.1.9}{Turunan Persamaan Kurva Kutub}{section.1}% 10
\BOOKMARK [2][-]{subsection.1.10}{Panjang Busur Kurva Kutub}{section.1}% 11
\BOOKMARK [2][-]{subsection.1.11}{Latihan Soal}{section.1}% 12
\BOOKMARK [1][-]{section.2}{Bab 6}{}% 13
\BOOKMARK [2][-]{subsection.2.1}{Barisan Tak Hingga}{section.2}% 14
\BOOKMARK [2][-]{subsection.2.2}{Sifat-Sifat Barisan Konvergen}{section.2}% 15
\BOOKMARK [2][-]{subsection.2.3}{Barisan Monoton}{section.2}% 16
\BOOKMARK [2][-]{subsection.2.4}{Deret Tak Hingga}{section.2}% 17
\BOOKMARK [2][-]{subsection.2.5}{Sifat-Sifat Aljabar Deret Tak Hingga}{section.2}% 18
\BOOKMARK [2][-]{subsection.2.6}{Uji Integral}{section.2}% 19
\BOOKMARK [2][-]{subsection.2.7}{Uji Rasio}{section.2}% 20
\BOOKMARK [2][-]{subsection.2.8}{Prinsip Informal}{section.2}% 21
\BOOKMARK [2][-]{subsection.2.9}{Uji Deret Berganti Tanda}{section.2}% 22
\BOOKMARK [2][-]{subsection.2.10}{Deret Pangkat}{section.2}% 23
\BOOKMARK [2][-]{subsection.2.11}{Deret Taylor dan Maclaurin}{section.2}% 24
\BOOKMARK [2][-]{subsection.2.12}{Turunan dan Integral Deret Pangkat}{section.2}% 25
\BOOKMARK [2][-]{subsection.2.13}{Latihan Soal}{section.2}% 26
